2025-01-07 19:36:04,503 - INFO - Starting ML pipeline
2025-01-07 19:36:10,221 - INFO - Loaded training data shape: (1950138, 48)
2025-01-07 19:36:10,221 - INFO - Loaded test data shape: (835774, 47)
2025-01-07 19:36:13,579 - INFO - Preprocessed training data shape: (1950138, 47)
2025-01-07 19:41:32,616 - INFO - CV Scores: [0.93399705 0.9342919  0.93476109 0.93507373 0.93429942]
2025-01-07 19:41:32,620 - INFO - Mean CV Score: 0.9345 (+/- 0.0008)
2025-01-07 19:42:57,073 - INFO - Validation Accuracy: 0.9342
2025-01-07 19:42:57,073 - INFO - 
Classification Report:
2025-01-07 19:42:57,275 - INFO -               precision    recall  f1-score   support

           0       0.98      0.36      0.52       483
           1       0.76      0.87      0.81     16750
           2       0.97      0.31      0.47       820
           3       0.91      0.49      0.64       759
           4       1.00      0.99      1.00     17002
           5       0.97      0.97      0.97      3883
           6       1.00      1.00      1.00     16761
           7       1.00      0.99      0.99     17040
           8       1.00      1.00      1.00     16782
           9       1.00      1.00      1.00     16870
          10       0.93      0.99      0.96     16935
          11       0.91      0.99      0.94      3272
          12       1.00      0.97      0.98     16926
          13       0.96      1.00      0.98     16702
          14       0.97      0.99      0.98     16646
          15       1.00      0.99      0.99     16561
          16       0.77      0.79      0.78     16784
          17       0.97      0.47      0.63      1836
          18       0.98      0.99      0.99     10104
          19       0.99      0.95      0.97     16702
          20       1.00      0.95      0.98     16690
          21       0.99      0.96      0.98     16660
          22       0.86      0.82      0.84     17016
          23       1.00      0.99      1.00     17006
          24       0.99      1.00      1.00     16921
          25       1.00      1.00      1.00     16742
          26       0.81      0.90      0.85     16841
          27       0.74      0.68      0.71     13927
          28       0.86      0.07      0.13       351
          29       0.69      0.73      0.71     11495
          30       0.93      0.27      0.42       743
          31       1.00      0.13      0.23       187
          32       0.95      0.99      0.97      5295
          33       0.85      0.38      0.52       536

    accuracy                           0.93    390028
   macro avg       0.93      0.79      0.82    390028
weighted avg       0.94      0.93      0.93    390028

2025-01-07 19:42:57,278 - INFO - Evaluation report saved to model_evaluation_20250107_194257.md
2025-01-07 19:57:53,686 - INFO - Best parameters: {'max_depth': None, 'max_features': 'sqrt', 'min_samples_leaf': 2, 'min_samples_split': 5, 'n_estimators': 200}
2025-01-07 19:57:53,728 - INFO - Best cross-validation accuracy: 0.9345
2025-01-07 20:13:21,008 - INFO - Evaluation report saved to model_evaluation_20250107_201321.md
2025-01-07 20:13:22,104 - INFO - Preprocessed test data shape: (835774, 47)
2025-01-07 20:14:06,600 - INFO - All artifacts saved to outputs
